Performing C SOURCE FILE Test CMAKE_HAVE_LIBC_PTHREAD failed with the following output:
Change Dir: /home/photinia/Documents/nav_assiant_sever_ws/build/CMakeFiles/CMakeScratch/TryCompile-Xl3IjD

Run Build Command(s):/usr/bin/make -f Makefile cmTC_148d3/fast && /usr/bin/make  -f CMakeFiles/cmTC_148d3.dir/build.make CMakeFiles/cmTC_148d3.dir/build
make[1]: Entering directory '/home/photinia/Documents/nav_assiant_sever_ws/build/CMakeFiles/CMakeScratch/TryCompile-Xl3IjD'
Building C object CMakeFiles/cmTC_148d3.dir/src.c.o
/usr/bin/cc -DCMAKE_HAVE_LIBC_PTHREAD   -o CMakeFiles/cmTC_148d3.dir/src.c.o -c /home/photinia/Documents/nav_assiant_sever_ws/build/CMakeFiles/CMakeScratch/TryCompile-Xl3IjD/src.c
Linking C executable cmTC_148d3
/usr/bin/cmake -E cmake_link_script CMakeFiles/cmTC_148d3.dir/link.txt --verbose=1
/usr/bin/cc -rdynamic CMakeFiles/cmTC_148d3.dir/src.c.o -o cmTC_148d3 
CMakeFiles/cmTC_148d3.dir/src.c.o: In function `main':
src.c:(.text+0x3e): undefined reference to `pthread_create'
src.c:(.text+0x4a): undefined reference to `pthread_detach'
src.c:(.text+0x56): undefined reference to `pthread_cancel'
src.c:(.text+0x67): undefined reference to `pthread_join'
collect2: error: ld returned 1 exit status
CMakeFiles/cmTC_148d3.dir/build.make:98: recipe for target 'cmTC_148d3' failed
make[1]: *** [cmTC_148d3] Error 1
make[1]: Leaving directory '/home/photinia/Documents/nav_assiant_sever_ws/build/CMakeFiles/CMakeScratch/TryCompile-Xl3IjD'
Makefile:127: recipe for target 'cmTC_148d3/fast' failed
make: *** [cmTC_148d3/fast] Error 2


Source file was:
#include <pthread.h>

static void* test_func(void* data)
{
  return data;
}

int main(void)
{
  pthread_t thread;
  pthread_create(&thread, NULL, test_func, NULL);
  pthread_detach(thread);
  pthread_cancel(thread);
  pthread_join(thread, NULL);
  pthread_atfork(NULL, NULL, NULL);
  pthread_exit(NULL);

  return 0;
}


Determining if the function pthread_create exists in the pthreads failed with the following output:
Change Dir: /home/photinia/Documents/nav_assiant_sever_ws/build/CMakeFiles/CMakeScratch/TryCompile-uB7mjA

Run Build Command(s):/usr/bin/make -f Makefile cmTC_13bde/fast && /usr/bin/make  -f CMakeFiles/cmTC_13bde.dir/build.make CMakeFiles/cmTC_13bde.dir/build
make[1]: Entering directory '/home/photinia/Documents/nav_assiant_sever_ws/build/CMakeFiles/CMakeScratch/TryCompile-uB7mjA'
Building C object CMakeFiles/cmTC_13bde.dir/CheckFunctionExists.c.o
/usr/bin/cc   -DCHECK_FUNCTION_EXISTS=pthread_create -o CMakeFiles/cmTC_13bde.dir/CheckFunctionExists.c.o -c /home/photinia/Documents/nav_assiant_sever_ws/build/CMakeFiles/CMakeScratch/TryCompile-uB7mjA/CheckFunctionExists.c
Linking C executable cmTC_13bde
/usr/bin/cmake -E cmake_link_script CMakeFiles/cmTC_13bde.dir/link.txt --verbose=1
/usr/bin/cc  -DCHECK_FUNCTION_EXISTS=pthread_create -rdynamic CMakeFiles/cmTC_13bde.dir/CheckFunctionExists.c.o -o cmTC_13bde  -lpthreads 
/usr/bin/ld: cannot find -lpthreads
collect2: error: ld returned 1 exit status
CMakeFiles/cmTC_13bde.dir/build.make:98: recipe for target 'cmTC_13bde' failed
make[1]: *** [cmTC_13bde] Error 1
make[1]: Leaving directory '/home/photinia/Documents/nav_assiant_sever_ws/build/CMakeFiles/CMakeScratch/TryCompile-uB7mjA'
Makefile:127: recipe for target 'cmTC_13bde/fast' failed
make: *** [cmTC_13bde/fast] Error 2



